# JRE version: OpenJDK Runtime Environment (8.0_76-b03) (build 1.8.0_76-release-b03)
# Java VM: OpenJDK 64-Bit Server VM (25.76-b03 mixed mode windows-amd64 compressed oops)
Heap:
 PSYoungGen      total 502272K, used 315669K [0x00000000e0000000, 0x0000000100000000, 0x0000000100000000)
  eden space 479744K, 65% used [0x00000000e0000000,0x00000000f34455b8,0x00000000fd480000)
  from space 22528K, 0% used [0x00000000fea00000,0x00000000fea00000,0x0000000100000000)
  to   space 22016K, 0% used [0x00000000fd480000,0x00000000fd480000,0x00000000fea00000)
 ParOldGen       total 114176K, used 37775K [0x00000000a0000000, 0x00000000a6f80000, 0x00000000e0000000)
  object space 114176K, 33% used [0x00000000a0000000,0x00000000a24e3e58,0x00000000a6f80000)
 Metaspace       used 69632K, capacity 73984K, committed 74544K, reserved 1114112K
  class space    used 8810K, capacity 9367K, committed 9776K, reserved 1048576K
GC Heap History (10 events):
Event: 2815.343 GC heap before
{Heap before GC invocations=31 (full 11):
 PSYoungGen      total 479744K, used 305516K [0x00000000e0000000, 0x00000000ffa00000, 0x0000000100000000)
  eden space 474112K, 64% used [0x00000000e0000000,0x00000000f2a5b350,0x00000000fcf00000)
  from space 5632K, 0% used [0x00000000fcf00000,0x00000000fcf00000,0x00000000fd480000)
  to   space 22016K, 0% used [0x00000000fe480000,0x00000000fe480000,0x00000000ffa00000)
 ParOldGen       total 114176K, used 40354K [0x00000000a0000000, 0x00000000a6f80000, 0x00000000e0000000)
  object space 114176K, 35% used [0x00000000a0000000,0x00000000a2768b60,0x00000000a6f80000)
 Metaspace       used 68553K, capacity 71684K, committed 72496K, reserved 1112064K
  class space    used 8625K, capacity 9047K, committed 9520K, reserved 1048576K
Event: 2815.351 GC heap after
Heap after GC invocations=31 (full 11):
 PSYoungGen      total 494080K, used 5405K [0x00000000e0000000, 0x00000000ff800000, 0x0000000100000000)
  eden space 474112K, 0% used [0x00000000e0000000,0x00000000e0000000,0x00000000fcf00000)
  from space 19968K, 27% used [0x00000000fe480000,0x00000000fe9c76f0,0x00000000ff800000)
  to   space 20992K, 0% used [0x00000000fcf00000,0x00000000fcf00000,0x00000000fe380000)
 ParOldGen       total 114176K, used 40362K [0x00000000a0000000, 0x00000000a6f80000, 0x00000000e0000000)
  object space 114176K, 35% used [0x00000000a0000000,0x00000000a276ab60,0x00000000a6f80000)
 Metaspace       used 68553K, capacity 71684K, committed 72496K, reserved 1112064K
  class space    used 8625K, capacity 9047K, committed 9520K, reserved 1048576K
}
Event: 2815.351 GC heap before
{Heap before GC invocations=32 (full 12):
 PSYoungGen      total 494080K, used 5405K [0x00000000e0000000, 0x00000000ff800000, 0x0000000100000000)
  eden space 474112K, 0% used [0x00000000e0000000,0x00000000e0000000,0x00000000fcf00000)
  from space 19968K, 27% used [0x00000000fe480000,0x00000000fe9c76f0,0x00000000ff800000)
  to   space 20992K, 0% used [0x00000000fcf00000,0x00000000fcf00000,0x00000000fe380000)
 ParOldGen       total 114176K, used 40362K [0x00000000a0000000, 0x00000000a6f80000, 0x00000000e0000000)
  object space 114176K, 35% used [0x00000000a0000000,0x00000000a276ab60,0x00000000a6f80000)
 Metaspace       used 68553K, capacity 71684K, committed 72496K, reserved 1112064K
  class space    used 8625K, capacity 9047K, committed 9520K, reserved 1048576K
Event: 2815.549 GC heap after
Heap after GC invocations=32 (full 12):
 PSYoungGen      total 494080K, used 0K [0x00000000e0000000, 0x00000000ff800000, 0x0000000100000000)
  eden space 474112K, 0% used [0x00000000e0000000,0x00000000e0000000,0x00000000fcf00000)
  from space 19968K, 0% used [0x00000000fe480000,0x00000000fe480000,0x00000000ff800000)
  to   space 20992K, 0% used [0x00000000fcf00000,0x00000000fcf00000,0x00000000fe380000)
 ParOldGen       total 114176K, used 38976K [0x00000000a0000000, 0x00000000a6f80000, 0x00000000e0000000)
  object space 114176K, 34% used [0x00000000a0000000,0x00000000a26100c0,0x00000000a6f80000)
 Metaspace       used 68542K, capacity 71666K, committed 72496K, reserved 1112064K
  class space    used 8623K, capacity 9044K, committed 9520K, reserved 1048576K
}
Event: 3167.769 GC heap before
{Heap before GC invocations=33 (full 12):
 PSYoungGen      total 494080K, used 471436K [0x00000000e0000000, 0x00000000ff800000, 0x0000000100000000)
  eden space 474112K, 99% used [0x00000000e0000000,0x00000000fcc63170,0x00000000fcf00000)
  from space 19968K, 0% used [0x00000000fe480000,0x00000000fe480000,0x00000000ff800000)
  to   space 20992K, 0% used [0x00000000fcf00000,0x00000000fcf00000,0x00000000fe380000)
 ParOldGen       total 114176K, used 38976K [0x00000000a0000000, 0x00000000a6f80000, 0x00000000e0000000)
  object space 114176K, 34% used [0x00000000a0000000,0x00000000a26100c0,0x00000000a6f80000)
 Metaspace       used 68832K, capacity 72106K, committed 72752K, reserved 1112064K
  class space    used 8651K, capacity 9082K, committed 9520K, reserved 1048576K
Event: 3167.780 GC heap after
Heap after GC invocations=33 (full 12):
 PSYoungGen      total 495104K, used 15239K [0x00000000e0000000, 0x0000000100000000, 0x0000000100000000)
  eden space 474112K, 0% used [0x00000000e0000000,0x00000000e0000000,0x00000000fcf00000)
  from space 20992K, 72% used [0x00000000fcf00000,0x00000000fdde1dd0,0x00000000fe380000)
  to   space 22528K, 0% used [0x00000000fea00000,0x00000000fea00000,0x0000000100000000)
 ParOldGen       total 114176K, used 38984K [0x00000000a0000000, 0x00000000a6f80000, 0x00000000e0000000)
  object space 114176K, 34% used [0x00000000a0000000,0x00000000a26120c0,0x00000000a6f80000)
 Metaspace       used 68832K, capacity 72106K, committed 72752K, reserved 1112064K
  class space    used 8651K, capacity 9082K, committed 9520K, reserved 1048576K
}
Event: 3168.084 GC heap before
{Heap before GC invocations=34 (full 12):
 PSYoungGen      total 495104K, used 149233K [0x00000000e0000000, 0x0000000100000000, 0x0000000100000000)
  eden space 474112K, 28% used [0x00000000e0000000,0x00000000e82da9a8,0x00000000fcf00000)
  from space 20992K, 72% used [0x00000000fcf00000,0x00000000fdde1dd0,0x00000000fe380000)
  to   space 22528K, 0% used [0x00000000fea00000,0x00000000fea00000,0x0000000100000000)
 ParOldGen       total 114176K, used 38984K [0x00000000a0000000, 0x00000000a6f80000, 0x00000000e0000000)
  object space 114176K, 34% used [0x00000000a0000000,0x00000000a26120c0,0x00000000a6f80000)
 Metaspace       used 68840K, capacity 72106K, committed 72752K, reserved 1112064K
  class space    used 8651K, capacity 9082K, committed 9520K, reserved 1048576K
Event: 3168.087 GC heap after
Heap after GC invocations=34 (full 12):
 PSYoungGen      total 502272K, used 3871K [0x00000000e0000000, 0x0000000100000000, 0x0000000100000000)
  eden space 479744K, 0% used [0x00000000e0000000,0x00000000e0000000,0x00000000fd480000)
  from space 22528K, 17% used [0x00000000fea00000,0x00000000fedc7d08,0x0000000100000000)
  to   space 22016K, 0% used [0x00000000fd480000,0x00000000fd480000,0x00000000fea00000)
 ParOldGen       total 114176K, used 39708K [0x00000000a0000000, 0x00000000a6f80000, 0x00000000e0000000)
  object space 114176K, 34% used [0x00000000a0000000,0x00000000a26c7170,0x00000000a6f80000)
 Metaspace       used 68840K, capacity 72106K, committed 72752K, reserved 1112064K
  class space    used 8651K, capacity 9082K, committed 9520K, reserved 1048576K
}
Event: 3168.087 GC heap before
{Heap before GC invocations=35 (full 13):
 PSYoungGen      total 502272K, used 3871K [0x00000000e0000000, 0x0000000100000000, 0x0000000100000000)
  eden space 479744K, 0% used [0x00000000e0000000,0x00000000e0000000,0x00000000fd480000)
  from space 22528K, 17% used [0x00000000fea00000,0x00000000fedc7d08,0x0000000100000000)
  to   space 22016K, 0% used [0x00000000fd480000,0x00000000fd480000,0x00000000fea00000)
 ParOldGen       total 114176K, used 39708K [0x00000000a0000000, 0x00000000a6f80000, 0x00000000e0000000)
  object space 114176K, 34% used [0x00000000a0000000,0x00000000a26c7170,0x00000000a6f80000)
 Metaspace       used 68840K, capacity 72106K, committed 72752K, reserved 1112064K
  class space    used 8651K, capacity 9082K, committed 9520K, reserved 1048576K
Event: 3168.248 GC heap after
Heap after GC invocations=35 (full 13):
 PSYoungGen      total 502272K, used 0K [0x00000000e0000000, 0x0000000100000000, 0x0000000100000000)
  eden space 479744K, 0% used [0x00000000e0000000,0x00000000e0000000,0x00000000fd480000)
  from space 22528K, 0% used [0x00000000fea00000,0x00000000fea00000,0x0000000100000000)
  to   space 22016K, 0% used [0x00000000fd480000,0x00000000fd480000,0x00000000fea00000)
 ParOldGen       total 114176K, used 37775K [0x00000000a0000000, 0x00000000a6f80000, 0x00000000e0000000)
  object space 114176K, 33% used [0x00000000a0000000,0x00000000a24e3e58,0x00000000a6f80000)
 Metaspace       used 68840K, capacity 72106K, committed 72752K, reserved 1112064K
  class space    used 8651K, capacity 9082K, committed 9520K, reserved 1048576K
}

